2026-05-21 09:53:14,615 - INFO - Тестовые данные не найдены. Создаю...
2026-05-21 09:53:14,619 - INFO - Созданы тестовые данные в папке data
2026-05-21 09:53:14,620 - INFO - Начинаю создание бэкапа: backups\backup_20260521_095314.zip
2026-05-21 09:53:14,658 - INFO - ✅ Бэкап создан успешно: backup_20260521_095314.zip (Размер: 0.00 MB)
2026-05-21 09:53:14,659 - INFO - Ротация не требуется. Бэкапов: 1/5
2026-05-21 09:53:19,061 - INFO - Начинаю создание бэкапа: backups\backup_20260521_095319.zip
2026-05-21 09:53:19,064 - INFO - ✅ Бэкап создан успешно: backup_20260521_095319.zip (Размер: 0.00 MB)
2026-05-21 09:53:19,064 - INFO - Ротация не требуется. Бэкапов: 2/5
2026-05-21 09:53:20,635 - INFO - Начинаю создание бэкапа: backups\backup_20260521_095320.zip
2026-05-21 09:53:20,638 - INFO - ✅ Бэкап создан успешно: backup_20260521_095320.zip (Размер: 0.00 MB)
2026-05-21 09:53:20,639 - INFO - Ротация не требуется. Бэкапов: 3/5
2026-05-21 09:53:22,018 - INFO - Начинаю создание бэкапа: backups\backup_20260521_095322.zip
2026-05-21 09:53:22,021 - INFO - ✅ Бэкап создан успешно: backup_20260521_095322.zip (Размер: 0.00 MB)
2026-05-21 09:53:22,021 - INFO - Ротация не требуется. Бэкапов: 4/5
2026-05-21 09:53:22,742 - INFO - Начинаю создание бэкапа: backups\backup_20260521_095322.zip
2026-05-21 09:53:22,745 - INFO - ✅ Бэкап создан успешно: backup_20260521_095322.zip (Размер: 0.00 MB)
2026-05-21 09:53:22,745 - INFO - Ротация не требуется. Бэкапов: 4/5
2026-05-21 09:53:23,903 - INFO - Начинаю создание бэкапа: backups\backup_20260521_095323.zip
2026-05-21 09:53:23,906 - INFO - ✅ Бэкап создан успешно: backup_20260521_095323.zip (Размер: 0.00 MB)
2026-05-21 09:53:23,907 - INFO - Ротация не требуется. Бэкапов: 5/5
2026-05-21 09:53:24,916 - INFO - Начинаю создание бэкапа: backups\backup_20260521_095324.zip
2026-05-21 09:53:24,920 - INFO - ✅ Бэкап создан успешно: backup_20260521_095324.zip (Размер: 0.00 MB)
2026-05-21 09:53:24,922 - INFO - 🗑️ Удалён старый бэкап: backup_20260521_095314.zip
2026-05-21 09:53:24,922 - INFO - Ротация завершена. Оставлено 5 из 6 бэкапов
2026-05-21 09:53:26,629 - INFO - Начинаю создание бэкапа: backups\backup_20260521_095326.zip
2026-05-21 09:53:26,632 - INFO - ✅ Бэкап создан успешно: backup_20260521_095326.zip (Размер: 0.00 MB)
2026-05-21 09:53:26,634 - INFO - 🗑️ Удалён старый бэкап: backup_20260521_095319.zip
2026-05-21 09:53:26,635 - INFO - Ротация завершена. Оставлено 5 из 6 бэкапов
2026-05-21 09:53:28,063 - INFO - Начинаю создание бэкапа: backups\backup_20260521_095328.zip
2026-05-21 09:53:28,067 - INFO - ✅ Бэкап создан успешно: backup_20260521_095328.zip (Размер: 0.00 MB)
2026-05-21 09:53:28,070 - INFO - 🗑️ Удалён старый бэкап: backup_20260521_095320.zip
2026-05-21 09:53:28,070 - INFO - Ротация завершена. Оставлено 5 из 6 бэкапов
2026-05-21 09:53:29,210 - INFO - Начинаю создание бэкапа: backups\backup_20260521_095329.zip
2026-05-21 09:53:29,213 - INFO - ✅ Бэкап создан успешно: backup_20260521_095329.zip (Размер: 0.00 MB)
2026-05-21 09:53:29,215 - INFO - 🗑️ Удалён старый бэкап: backup_20260521_095322.zip
2026-05-21 09:53:29,216 - INFO - Ротация завершена. Оставлено 5 из 6 бэкапов
2026-05-21 09:53:30,324 - INFO - Начинаю создание бэкапа: backups\backup_20260521_095330.zip
2026-05-21 09:53:30,327 - INFO - ✅ Бэкап создан успешно: backup_20260521_095330.zip (Размер: 0.00 MB)
2026-05-21 09:53:30,330 - INFO - 🗑️ Удалён старый бэкап: backup_20260521_095323.zip
2026-05-21 09:53:30,330 - INFO - Ротация завершена. Оставлено 5 из 6 бэкапов
2026-05-21 09:53:31,518 - INFO - Начинаю создание бэкапа: backups\backup_20260521_095331.zip
2026-05-21 09:53:31,522 - INFO - ✅ Бэкап создан успешно: backup_20260521_095331.zip (Размер: 0.00 MB)
2026-05-21 09:53:31,524 - INFO - 🗑️ Удалён старый бэкап: backup_20260521_095324.zip
2026-05-21 09:53:31,524 - INFO - Ротация завершена. Оставлено 5 из 6 бэкапов
2026-05-21 09:53:32,659 - INFO - Начинаю создание бэкапа: backups\backup_20260521_095332.zip
2026-05-21 09:53:32,662 - INFO - ✅ Бэкап создан успешно: backup_20260521_095332.zip (Размер: 0.00 MB)
2026-05-21 09:53:32,664 - INFO - 🗑️ Удалён старый бэкап: backup_20260521_095326.zip
2026-05-21 09:53:32,664 - INFO - Ротация завершена. Оставлено 5 из 6 бэкапов
